verify depth is 1, must return a certificate
depth=1 CN = SEC-Root-CA, C = NA, ST = MD, L = test, O = SECColumbia, OU = TEST, emailAddress = TEST@TEST.com
verify return:1
depth=0 CN = test@test.com
verify return:1
FILE:index.html
depth=1 CN = SEC-Root-CA, C = NA, ST = MD, L = test, O = SECColumbia, OU = TEST, emailAddress = TEST@TEST.com
verify return:1
depth=0 CN = test@test.com
verify return:1
FILE:text1.txt
depth=1 CN = SEC-Root-CA, C = NA, ST = MD, L = test, O = SECColumbia, OU = TEST, emailAddress = TEST@TEST.com
verify return:1
depth=0 CN = test@test.com
verify return:1
FILE:index.html
depth=1 CN = SEC-Root-CA, C = NA, ST = MD, L = test, O = SECColumbia, OU = TEST, emailAddress = TEST@TEST.com
verify return:1
depth=0 CN = test@test.com
verify return:1
